<?xml version="1.0" encoding="UTF-8"?>
<robot generator="Robot 6.0.2 (Python 3.11.1 on win32)" generated="20230124 17:58:43.601" rpa="false" schemaversion="3">
<suite id="s1" name="BasicSearch" source="C:\Users\POPEY\PycharmProjects\pythonProject\RobotFWTutorial\Tests\eBay\BasicSearch.robot">
<test id="s1-t1" name="Verify Basic search functionality for eBay" line="15">
<kw name="Start TestCase" library="CommonFuncionality" type="SETUP">
<kw name="Open Browser" library="SeleniumLibrary">
<arg>https://www.ebay.com/n/all-categories</arg>
<arg>firefox</arg>
<doc>Opens a new browser instance to the optional ``url``.</doc>
<msg timestamp="20230124 17:58:43.917" level="INFO">Opening browser 'firefox' to base url 'https://www.ebay.com/n/all-categories'.</msg>
<msg timestamp="20230124 17:58:43.918" level="INFO">Firefox driver log is always forced to to: C:\Users\POPEY\PycharmProjects\pythonProject\RobotFWTutorial\results\geckodriver-4.log</msg>
<status status="PASS" starttime="20230124 17:58:43.917" endtime="20230124 17:58:51.794"/>
</kw>
<kw name="Maximize Browser Window" library="SeleniumLibrary">
<doc>Maximizes current browser window.</doc>
<status status="PASS" starttime="20230124 17:58:51.794" endtime="20230124 17:58:51.798"/>
</kw>
<status status="PASS" starttime="20230124 17:58:43.916" endtime="20230124 17:58:51.798"/>
</kw>
<kw name="Verify Search Results" library="eBayUserDefinedKeywords">
<kw name="Input Text" library="SeleniumLibrary">
<arg>xpath://*[@id="gh-ac"]</arg>
<arg>mobile</arg>
<doc>Types the given ``text`` into the text field identified by ``locator``.</doc>
<msg timestamp="20230124 17:58:51.800" level="INFO">Typing text 'mobile' into text field 'xpath://*[@id="gh-ac"]'.</msg>
<status status="PASS" starttime="20230124 17:58:51.799" endtime="20230124 17:58:51.869"/>
</kw>
<kw name="Press Keys" library="SeleniumLibrary">
<arg>xpath://*[@id="gh-btn"]</arg>
<arg>[Return]</arg>
<doc>Simulates the user pressing key(s) to an element or on the active browser.</doc>
<msg timestamp="20230124 17:58:51.872" level="INFO">Sending key(s) ('[Return]',) to xpath://*[@id="gh-btn"] element.</msg>
<msg timestamp="20230124 17:58:52.168" level="INFO">Sending keys [Return]</msg>
<status status="PASS" starttime="20230124 17:58:51.870" endtime="20230124 17:58:52.192"/>
</kw>
<kw name="Page Should Contain" library="SeleniumLibrary">
<arg>Brand</arg>
<doc>Verifies that current page contains ``text``.</doc>
<msg timestamp="20230124 17:58:52.259" level="INFO">Current page contains text 'Brand'.</msg>
<status status="PASS" starttime="20230124 17:58:52.193" endtime="20230124 17:58:52.259"/>
</kw>
<status status="PASS" starttime="20230124 17:58:51.799" endtime="20230124 17:58:52.259"/>
</kw>
<kw name="Finish TestCase" library="CommonFuncionality" type="TEARDOWN">
<kw name="Close Browser" library="SeleniumLibrary">
<doc>Closes the current browser.</doc>
<status status="PASS" starttime="20230124 17:58:52.260" endtime="20230124 17:58:54.162"/>
</kw>
<status status="PASS" starttime="20230124 17:58:52.260" endtime="20230124 17:58:54.162"/>
</kw>
<doc>This test case verify the basic search</doc>
<tag>Functional</tag>
<status status="PASS" starttime="20230124 17:58:43.915" endtime="20230124 17:58:54.163"/>
</test>
<doc>Basic Search Functionality</doc>
<status status="PASS" starttime="20230124 17:58:43.603" endtime="20230124 17:58:54.165"/>
</suite>
<statistics>
<total>
<stat pass="1" fail="0" skip="0">All Tests</stat>
</total>
<tag>
<stat pass="1" fail="0" skip="0">Functional</stat>
</tag>
<suite>
<stat pass="1" fail="0" skip="0" id="s1" name="BasicSearch">BasicSearch</stat>
</suite>
</statistics>
<errors>
</errors>
</robot>
